<?xml version="1.0" encoding="UTF-8" ?>
<testsuite tests="3" failures="0" name="com.wakaleo.gameoflife.web.controllers.WhenCreatingANewGame" time="0.001" errors="0" skipped="0">
  <properties>
    <property name="java.runtime.name" value="Java(TM) SE Runtime Environment"/>
    <property name="sun.boot.library.path" value="/opt/software/jdk1.8.0_77/jre/lib/amd64"/>
    <property name="java.vm.version" value="25.77-b03"/>
    <property name="java.vm.vendor" value="Oracle Corporation"/>
    <property name="java.vendor.url" value="http://java.oracle.com/"/>
    <property name="path.separator" value=":"/>
    <property name="java.vm.name" value="Java HotSpot(TM) 64-Bit Server VM"/>
    <property name="file.encoding.pkg" value="sun.io"/>
    <property name="user.country" value="US"/>
    <property name="sun.java.launcher" value="SUN_STANDARD"/>
    <property name="sun.os.patch.level" value="unknown"/>
    <property name="java.vm.specification.name" value="Java Virtual Machine Specification"/>
    <property name="user.dir" value="/root/.jenkins/workspace/MyGame1/gameoflife-web"/>
    <property name="java.runtime.version" value="1.8.0_77-b03"/>
    <property name="java.awt.graphicsenv" value="sun.awt.X11GraphicsEnvironment"/>
    <property name="basedir" value="/root/.jenkins/workspace/MyGame1/gameoflife-web"/>
    <property name="java.endorsed.dirs" value="/opt/software/jdk1.8.0_77/jre/lib/endorsed"/>
    <property name="os.arch" value="amd64"/>
    <property name="surefire.real.class.path" value="/tmp/surefirebooter3158053577802955051.jar"/>
    <property name="java.io.tmpdir" value="/tmp"/>
    <property name="line.separator" value="
"/>
    <property name="java.vm.specification.vendor" value="Oracle Corporation"/>
    <property name="os.name" value="Linux"/>
    <property name="sun.jnu.encoding" value="UTF-8"/>
    <property name="java.library.path" value="/usr/java/packages/lib/amd64:/usr/lib64:/lib64:/lib:/usr/lib"/>
    <property name="surefire.test.class.path" value="/root/.jenkins/workspace/MyGame1/gameoflife-web/target/test-classes:/root/.jenkins/workspace/MyGame1/gameoflife-web/target/classes:/root/.m2/repository/org/springframework/spring-webmvc/3.0.2.RELEASE/spring-webmvc-3.0.2.RELEASE.jar:/root/.m2/repository/org/springframework/spring-asm/3.0.2.RELEASE/spring-asm-3.0.2.RELEASE.jar:/root/.m2/repository/org/springframework/spring-beans/3.0.2.RELEASE/spring-beans-3.0.2.RELEASE.jar:/root/.m2/repository/org/springframework/spring-context/3.0.2.RELEASE/spring-context-3.0.2.RELEASE.jar:/root/.m2/repository/org/springframework/spring-aop/3.0.2.RELEASE/spring-aop-3.0.2.RELEASE.jar:/root/.m2/repository/org/springframework/spring-context-support/3.0.2.RELEASE/spring-context-support-3.0.2.RELEASE.jar:/root/.m2/repository/org/springframework/spring-expression/3.0.2.RELEASE/spring-expression-3.0.2.RELEASE.jar:/root/.m2/repository/org/springframework/spring-core/3.0.2.RELEASE/spring-core-3.0.2.RELEASE.jar:/root/.m2/repository/commons-logging/commons-logging/1.1.1/commons-logging-1.1.1.jar:/root/.m2/repository/org/springframework/spring-web/3.0.2.RELEASE/spring-web-3.0.2.RELEASE.jar:/root/.m2/repository/aopalliance/aopalliance/1.0/aopalliance-1.0.jar:/root/.m2/repository/org/seleniumhq/selenium/selenium/2.0a2/selenium-2.0a2.jar:/root/.m2/repository/org/seleniumhq/selenium/selenium-chrome-driver/2.0a2/selenium-chrome-driver-2.0a2.jar:/root/.m2/repository/org/seleniumhq/selenium/selenium-common/2.0a2/selenium-common-2.0a2.jar:/root/.m2/repository/org/seleniumhq/selenium/selenium-remote-client/2.0a2/selenium-remote-client-2.0a2.jar:/root/.m2/repository/org/seleniumhq/selenium/selenium-remote-common/2.0a2/selenium-remote-common-2.0a2.jar:/root/.m2/repository/commons-httpclient/commons-httpclient/3.1/commons-httpclient-3.1.jar:/root/.m2/repository/org/seleniumhq/selenium/selenium-htmlunit-driver/2.0a2/selenium-htmlunit-driver-2.0a2.jar:/root/.m2/repository/net/sourceforge/htmlunit/htmlunit/2.6/htmlunit-2.6.jar:/root/.m2/repository/xalan/xalan/2.7.1/xalan-2.7.1.jar:/root/.m2/repository/xalan/serializer/2.7.1/serializer-2.7.1.jar:/root/.m2/repository/commons-collections/commons-collections/3.2.1/commons-collections-3.2.1.jar:/root/.m2/repository/commons-codec/commons-codec/1.4/commons-codec-1.4.jar:/root/.m2/repository/net/sourceforge/htmlunit/htmlunit-core-js/2.6/htmlunit-core-js-2.6.jar:/root/.m2/repository/xerces/xercesImpl/2.9.1/xercesImpl-2.9.1.jar:/root/.m2/repository/xml-apis/xml-apis/1.3.04/xml-apis-1.3.04.jar:/root/.m2/repository/net/sourceforge/nekohtml/nekohtml/1.9.13/nekohtml-1.9.13.jar:/root/.m2/repository/net/sourceforge/cssparser/cssparser/0.9.5/cssparser-0.9.5.jar:/root/.m2/repository/org/w3c/css/sac/1.3/sac-1.3.jar:/root/.m2/repository/commons-io/commons-io/1.4/commons-io-1.4.jar:/root/.m2/repository/org/seleniumhq/selenium/selenium-firefox-driver/2.0a2/selenium-firefox-driver-2.0a2.jar:/root/.m2/repository/org/json/json/20080701/json-20080701.jar:/root/.m2/repository/org/seleniumhq/selenium/selenium-ie-driver/2.0a2/selenium-ie-driver-2.0a2.jar:/root/.m2/repository/net/java/dev/jna/jna/3.2.2/jna-3.2.2.jar:/root/.m2/repository/org/seleniumhq/selenium/selenium-support/2.0a2/selenium-support-2.0a2.jar:/root/.m2/repository/com/google/collections/google-collections/1.0/google-collections-1.0.jar:/root/.jenkins/workspace/MyGame1/gameoflife-core/target/gameoflife-core-0.0.66-SNAPSHOT.jar:/root/.m2/repository/javax/servlet/jstl/1.2/jstl-1.2.jar:/root/.m2/repository/javax/servlet/servlet-api/2.5/servlet-api-2.5.jar:/root/.jenkins/workspace/MyGame1/gameoflife-webservice/target/gameoflife-webservice-0.0.66-SNAPSHOT.jar:/root/.m2/repository/commons-lang/commons-lang/2.5/commons-lang-2.5.jar:/root/.m2/repository/org/easyb/easyb/0.9.8/easyb-0.9.8.jar:/root/.m2/repository/commons-cli/commons-cli/1.1/commons-cli-1.1.jar:/root/.m2/repository/org/codehaus/groovy/groovy-all/1.7.11/groovy-all-1.7.11.jar:/root/.m2/repository/org/mockito/mockito-all/1.8.0/mockito-all-1.8.0.jar:/root/.m2/repository/junit/junit/4.8.1/junit-4.8.1.jar:/root/.m2/repository/org/hamcrest/hamcrest-all/1.1/hamcrest-all-1.1.jar:"/>
    <property name="java.specification.name" value="Java Platform API Specification"/>
    <property name="java.class.version" value="52.0"/>
    <property name="sun.management.compiler" value="HotSpot 64-Bit Tiered Compilers"/>
    <property name="os.version" value="3.10.0-327.el7.x86_64"/>
    <property name="user.home" value="/root"/>
    <property name="user.timezone" value=""/>
    <property name="java.awt.printerjob" value="sun.print.PSPrinterJob"/>
    <property name="file.encoding" value="UTF-8"/>
    <property name="java.specification.version" value="1.8"/>
    <property name="user.name" value="root"/>
    <property name="java.class.path" value="/root/.jenkins/workspace/MyGame1/gameoflife-web/target/test-classes:/root/.jenkins/workspace/MyGame1/gameoflife-web/target/classes:/root/.m2/repository/org/springframework/spring-webmvc/3.0.2.RELEASE/spring-webmvc-3.0.2.RELEASE.jar:/root/.m2/repository/org/springframework/spring-asm/3.0.2.RELEASE/spring-asm-3.0.2.RELEASE.jar:/root/.m2/repository/org/springframework/spring-beans/3.0.2.RELEASE/spring-beans-3.0.2.RELEASE.jar:/root/.m2/repository/org/springframework/spring-context/3.0.2.RELEASE/spring-context-3.0.2.RELEASE.jar:/root/.m2/repository/org/springframework/spring-aop/3.0.2.RELEASE/spring-aop-3.0.2.RELEASE.jar:/root/.m2/repository/org/springframework/spring-context-support/3.0.2.RELEASE/spring-context-support-3.0.2.RELEASE.jar:/root/.m2/repository/org/springframework/spring-expression/3.0.2.RELEASE/spring-expression-3.0.2.RELEASE.jar:/root/.m2/repository/org/springframework/spring-core/3.0.2.RELEASE/spring-core-3.0.2.RELEASE.jar:/root/.m2/repository/commons-logging/commons-logging/1.1.1/commons-logging-1.1.1.jar:/root/.m2/repository/org/springframework/spring-web/3.0.2.RELEASE/spring-web-3.0.2.RELEASE.jar:/root/.m2/repository/aopalliance/aopalliance/1.0/aopalliance-1.0.jar:/root/.m2/repository/org/seleniumhq/selenium/selenium/2.0a2/selenium-2.0a2.jar:/root/.m2/repository/org/seleniumhq/selenium/selenium-chrome-driver/2.0a2/selenium-chrome-driver-2.0a2.jar:/root/.m2/repository/org/seleniumhq/selenium/selenium-common/2.0a2/selenium-common-2.0a2.jar:/root/.m2/repository/org/seleniumhq/selenium/selenium-remote-client/2.0a2/selenium-remote-client-2.0a2.jar:/root/.m2/repository/org/seleniumhq/selenium/selenium-remote-common/2.0a2/selenium-remote-common-2.0a2.jar:/root/.m2/repository/commons-httpclient/commons-httpclient/3.1/commons-httpclient-3.1.jar:/root/.m2/repository/org/seleniumhq/selenium/selenium-htmlunit-driver/2.0a2/selenium-htmlunit-driver-2.0a2.jar:/root/.m2/repository/net/sourceforge/htmlunit/htmlunit/2.6/htmlunit-2.6.jar:/root/.m2/repository/xalan/xalan/2.7.1/xalan-2.7.1.jar:/root/.m2/repository/xalan/serializer/2.7.1/serializer-2.7.1.jar:/root/.m2/repository/commons-collections/commons-collections/3.2.1/commons-collections-3.2.1.jar:/root/.m2/repository/commons-codec/commons-codec/1.4/commons-codec-1.4.jar:/root/.m2/repository/net/sourceforge/htmlunit/htmlunit-core-js/2.6/htmlunit-core-js-2.6.jar:/root/.m2/repository/xerces/xercesImpl/2.9.1/xercesImpl-2.9.1.jar:/root/.m2/repository/xml-apis/xml-apis/1.3.04/xml-apis-1.3.04.jar:/root/.m2/repository/net/sourceforge/nekohtml/nekohtml/1.9.13/nekohtml-1.9.13.jar:/root/.m2/repository/net/sourceforge/cssparser/cssparser/0.9.5/cssparser-0.9.5.jar:/root/.m2/repository/org/w3c/css/sac/1.3/sac-1.3.jar:/root/.m2/repository/commons-io/commons-io/1.4/commons-io-1.4.jar:/root/.m2/repository/org/seleniumhq/selenium/selenium-firefox-driver/2.0a2/selenium-firefox-driver-2.0a2.jar:/root/.m2/repository/org/json/json/20080701/json-20080701.jar:/root/.m2/repository/org/seleniumhq/selenium/selenium-ie-driver/2.0a2/selenium-ie-driver-2.0a2.jar:/root/.m2/repository/net/java/dev/jna/jna/3.2.2/jna-3.2.2.jar:/root/.m2/repository/org/seleniumhq/selenium/selenium-support/2.0a2/selenium-support-2.0a2.jar:/root/.m2/repository/com/google/collections/google-collections/1.0/google-collections-1.0.jar:/root/.jenkins/workspace/MyGame1/gameoflife-core/target/gameoflife-core-0.0.66-SNAPSHOT.jar:/root/.m2/repository/javax/servlet/jstl/1.2/jstl-1.2.jar:/root/.m2/repository/javax/servlet/servlet-api/2.5/servlet-api-2.5.jar:/root/.jenkins/workspace/MyGame1/gameoflife-webservice/target/gameoflife-webservice-0.0.66-SNAPSHOT.jar:/root/.m2/repository/commons-lang/commons-lang/2.5/commons-lang-2.5.jar:/root/.m2/repository/org/easyb/easyb/0.9.8/easyb-0.9.8.jar:/root/.m2/repository/commons-cli/commons-cli/1.1/commons-cli-1.1.jar:/root/.m2/repository/org/codehaus/groovy/groovy-all/1.7.11/groovy-all-1.7.11.jar:/root/.m2/repository/org/mockito/mockito-all/1.8.0/mockito-all-1.8.0.jar:/root/.m2/repository/junit/junit/4.8.1/junit-4.8.1.jar:/root/.m2/repository/org/hamcrest/hamcrest-all/1.1/hamcrest-all-1.1.jar:"/>
    <property name="java.vm.specification.version" value="1.8"/>
    <property name="sun.arch.data.model" value="64"/>
    <property name="java.home" value="/opt/software/jdk1.8.0_77/jre"/>
    <property name="sun.java.command" value="/tmp/surefirebooter3158053577802955051.jar /tmp/surefire642551519670812279tmp /tmp/surefire2300702954906083889tmp"/>
    <property name="java.specification.vendor" value="Oracle Corporation"/>
    <property name="user.language" value="en"/>
    <property name="awt.toolkit" value="sun.awt.X11.XToolkit"/>
    <property name="java.vm.info" value="mixed mode"/>
    <property name="java.version" value="1.8.0_77"/>
    <property name="java.ext.dirs" value="/opt/software/jdk1.8.0_77/jre/lib/ext:/usr/java/packages/lib/ext"/>
    <property name="sun.boot.class.path" value="/opt/software/jdk1.8.0_77/jre/lib/resources.jar:/opt/software/jdk1.8.0_77/jre/lib/rt.jar:/opt/software/jdk1.8.0_77/jre/lib/sunrsasign.jar:/opt/software/jdk1.8.0_77/jre/lib/jsse.jar:/opt/software/jdk1.8.0_77/jre/lib/jce.jar:/opt/software/jdk1.8.0_77/jre/lib/charsets.jar:/opt/software/jdk1.8.0_77/jre/lib/jfr.jar:/opt/software/jdk1.8.0_77/jre/classes"/>
    <property name="java.vendor" value="Oracle Corporation"/>
    <property name="localRepository" value="/root/.m2/repository"/>
    <property name="file.separator" value="/"/>
    <property name="java.vendor.url.bug" value="http://bugreport.sun.com/bugreport/"/>
    <property name="sun.cpu.endian" value="little"/>
    <property name="sun.io.unicode.encoding" value="UnicodeLittle"/>
    <property name="sun.cpu.isalist" value=""/>
  </properties>
  <testcase classname="com.wakaleo.gameoflife.web.controllers.WhenCreatingANewGame" name="whenTheUserCreatesTheFirstGenerationAnEmptyUniverseShouldBeAddedToTheSession" time="0.001"/>
  <testcase classname="com.wakaleo.gameoflife.web.controllers.WhenCreatingANewGame" name="whenTheUserCreatesTheFirstGenerationTheUniverseDimensionsShouldBeAddedToTheSession" time="0.001"/>
  <testcase classname="com.wakaleo.gameoflife.web.controllers.WhenCreatingANewGame" name="anEmptyUniverseShouldBeAddedToTheSession" time="0.001"/>
</testsuite>