<?xml version="1.0" encoding="UTF-8" ?>
<testsuite tests="4" failures="0" name="com.wakaleo.gameoflife.domain.WhenYouPlayTheGameOfLife" time="0.002" errors="0" skipped="0">
  <properties>
    <property name="java.runtime.name" value="Java(TM) SE Runtime Environment"/>
    <property name="sun.boot.library.path" value="/opt/software/jdk1.8.0_77/jre/lib/amd64"/>
    <property name="java.vm.version" value="25.77-b03"/>
    <property name="java.vm.vendor" value="Oracle Corporation"/>
    <property name="java.vendor.url" value="http://java.oracle.com/"/>
    <property name="path.separator" value=":"/>
    <property name="java.vm.name" value="Java HotSpot(TM) 64-Bit Server VM"/>
    <property name="file.encoding.pkg" value="sun.io"/>
    <property name="user.country" value="US"/>
    <property name="sun.java.launcher" value="SUN_STANDARD"/>
    <property name="sun.os.patch.level" value="unknown"/>
    <property name="java.vm.specification.name" value="Java Virtual Machine Specification"/>
    <property name="user.dir" value="/root/.jenkins/workspace/MyGame1/gameoflife-core"/>
    <property name="java.runtime.version" value="1.8.0_77-b03"/>
    <property name="java.awt.graphicsenv" value="sun.awt.X11GraphicsEnvironment"/>
    <property name="basedir" value="/root/.jenkins/workspace/MyGame1/gameoflife-core"/>
    <property name="java.endorsed.dirs" value="/opt/software/jdk1.8.0_77/jre/lib/endorsed"/>
    <property name="os.arch" value="amd64"/>
    <property name="surefire.real.class.path" value="/tmp/surefirebooter3896024564501873484.jar"/>
    <property name="java.io.tmpdir" value="/tmp"/>
    <property name="line.separator" value="
"/>
    <property name="java.vm.specification.vendor" value="Oracle Corporation"/>
    <property name="os.name" value="Linux"/>
    <property name="sun.jnu.encoding" value="UTF-8"/>
    <property name="java.library.path" value="/usr/java/packages/lib/amd64:/usr/lib64:/lib64:/lib:/usr/lib"/>
    <property name="surefire.test.class.path" value="/root/.jenkins/workspace/MyGame1/gameoflife-core/target/test-classes:/root/.jenkins/workspace/MyGame1/gameoflife-core/target/classes:/root/.m2/repository/org/easyb/easyb/0.9.8/easyb-0.9.8.jar:/root/.m2/repository/commons-cli/commons-cli/1.1/commons-cli-1.1.jar:/root/.m2/repository/org/codehaus/groovy/groovy-all/1.7.11/groovy-all-1.7.11.jar:/root/.m2/repository/junit/junit/4.8.1/junit-4.8.1.jar:/root/.m2/repository/org/hamcrest/hamcrest-all/1.1/hamcrest-all-1.1.jar:"/>
    <property name="java.specification.name" value="Java Platform API Specification"/>
    <property name="java.class.version" value="52.0"/>
    <property name="sun.management.compiler" value="HotSpot 64-Bit Tiered Compilers"/>
    <property name="os.version" value="3.10.0-327.el7.x86_64"/>
    <property name="user.home" value="/root"/>
    <property name="user.timezone" value=""/>
    <property name="java.awt.printerjob" value="sun.print.PSPrinterJob"/>
    <property name="file.encoding" value="UTF-8"/>
    <property name="java.specification.version" value="1.8"/>
    <property name="user.name" value="root"/>
    <property name="java.class.path" value="/root/.jenkins/workspace/MyGame1/gameoflife-core/target/test-classes:/root/.jenkins/workspace/MyGame1/gameoflife-core/target/classes:/root/.m2/repository/org/easyb/easyb/0.9.8/easyb-0.9.8.jar:/root/.m2/repository/commons-cli/commons-cli/1.1/commons-cli-1.1.jar:/root/.m2/repository/org/codehaus/groovy/groovy-all/1.7.11/groovy-all-1.7.11.jar:/root/.m2/repository/junit/junit/4.8.1/junit-4.8.1.jar:/root/.m2/repository/org/hamcrest/hamcrest-all/1.1/hamcrest-all-1.1.jar:"/>
    <property name="java.vm.specification.version" value="1.8"/>
    <property name="sun.arch.data.model" value="64"/>
    <property name="java.home" value="/opt/software/jdk1.8.0_77/jre"/>
    <property name="sun.java.command" value="/tmp/surefirebooter3896024564501873484.jar /tmp/surefire8039951721174507379tmp /tmp/surefire6357266501621663237tmp"/>
    <property name="java.specification.vendor" value="Oracle Corporation"/>
    <property name="user.language" value="en"/>
    <property name="awt.toolkit" value="sun.awt.X11.XToolkit"/>
    <property name="java.vm.info" value="mixed mode"/>
    <property name="java.version" value="1.8.0_77"/>
    <property name="java.ext.dirs" value="/opt/software/jdk1.8.0_77/jre/lib/ext:/usr/java/packages/lib/ext"/>
    <property name="sun.boot.class.path" value="/opt/software/jdk1.8.0_77/jre/lib/resources.jar:/opt/software/jdk1.8.0_77/jre/lib/rt.jar:/opt/software/jdk1.8.0_77/jre/lib/sunrsasign.jar:/opt/software/jdk1.8.0_77/jre/lib/jsse.jar:/opt/software/jdk1.8.0_77/jre/lib/jce.jar:/opt/software/jdk1.8.0_77/jre/lib/charsets.jar:/opt/software/jdk1.8.0_77/jre/lib/jfr.jar:/opt/software/jdk1.8.0_77/jre/classes"/>
    <property name="java.vendor" value="Oracle Corporation"/>
    <property name="localRepository" value="/root/.m2/repository"/>
    <property name="file.separator" value="/"/>
    <property name="java.vendor.url.bug" value="http://bugreport.sun.com/bugreport/"/>
    <property name="sun.cpu.endian" value="little"/>
    <property name="sun.io.unicode.encoding" value="UnicodeLittle"/>
    <property name="sun.cpu.isalist" value=""/>
  </properties>
  <testcase classname="com.wakaleo.gameoflife.domain.WhenYouPlayTheGameOfLife" name="aDeadCellWithNoNeighboursShouldRemainDeadInTheNextGeneration" time="0"/>
  <testcase classname="com.wakaleo.gameoflife.domain.WhenYouPlayTheGameOfLife" name="aDeadCellWithOneLiveNeighbourShouldRemainDeadInTheNextGeneration" time="0.001"/>
  <testcase classname="com.wakaleo.gameoflife.domain.WhenYouPlayTheGameOfLife" name="liveCellaWith2or3iveNeighbourShouldRemainAliveInTheNextGeneration" time="0.001"/>
  <testcase classname="com.wakaleo.gameoflife.domain.WhenYouPlayTheGameOfLife" name="aLiveCellWithExactlyTwoLiveNeighbourShouldRemainAliveInTheNextGeneration" time="0.001"/>
</testsuite>